0 info it worked if it ends with ok
1 verbose cli [ 'node', '/usr/local/bin/npm', 'install', 'coffee-script' ]
2 info using npm@1.1.59
3 info using node@v0.8.8
4 verbose read json /Users/Quynh/Developer/WebApplication/Yeoman/TeamCollaboration/package.json
5 verbose read json /Users/Quynh/Developer/WebApplication/Yeoman/TeamCollaboration/node_modules/mongoose/package.json
6 verbose read json /Users/Quynh/Developer/WebApplication/Yeoman/TeamCollaboration/node_modules/restify/package.json
7 verbose read json /Users/Quynh/Developer/WebApplication/Yeoman/TeamCollaboration/package.json
8 verbose cache add [ 'coffee-script', null ]
9 silly cache add name=undefined spec="coffee-script" args=["coffee-script",null]
10 verbose parsed url { pathname: 'coffee-script',
10 verbose parsed url   path: 'coffee-script',
10 verbose parsed url   href: 'coffee-script' }
11 silly lockFile ab358269-coffee-script coffee-script
12 verbose lock coffee-script /Users/Quynh/.npm/ab358269-coffee-script.lock
13 silly lockFile ab358269-coffee-script coffee-script
14 verbose addNamed [ 'coffee-script', '' ]
15 verbose addNamed [ null, '' ]
16 silly lockFile 53951495-coffee-script coffee-script@
17 verbose lock coffee-script@ /Users/Quynh/.npm/53951495-coffee-script.lock
18 silly lockFile 53951495-coffee-script coffee-script@
19 error Error: EACCES, open '/Users/Quynh/.npm/53951495-coffee-script.lock'
19 error  { [Error: EACCES, open '/Users/Quynh/.npm/53951495-coffee-script.lock']
19 error   errno: 3,
19 error   code: 'EACCES',
19 error   path: '/Users/Quynh/.npm/53951495-coffee-script.lock' }
20 error Please try running this command again as root/Administrator.
21 error System Darwin 12.2.0
22 error command "node" "/usr/local/bin/npm" "install" "coffee-script"
23 error cwd /Users/Quynh/Developer/WebApplication/Yeoman/TeamCollaboration
24 error node -v v0.8.8
25 error npm -v 1.1.59
26 error path /Users/Quynh/.npm/53951495-coffee-script.lock
27 error code EACCES
28 error errno 3
29 error stack Error: EACCES, open '/Users/Quynh/.npm/53951495-coffee-script.lock'
30 verbose exit [ 3, true ]
